<?xml version="1.0" encoding="UTF-8"?>
<!-- Generated by org.testng.reporters.JUnitReportReporter -->
<testsuite hostname="MacBook-Pro-2.local" failures="0" tests="1" name="Text_Get_01" time="1.591" errors="0" timestamp="2021-02-15T20:08:10 IST" skipped="0">
  <testcase classname="Text_Get_01" name="test_01" time="1.591"/>
  <system-out/>
</testsuite> <!-- Text_Get_01 -->
